[2023-06-20T08:54:47.408880+00:00] main.INFO: Broken reference: the 'catalog.compare.sidebar' element cannot be added as child to 'sidebar.additional', because the latter doesn't exist [] []
[2023-06-20T08:54:47.409528+00:00] main.INFO: Broken reference: the 'sale.reorder.sidebar' element cannot be added as child to 'sidebar.additional', because the latter doesn't exist [] []
[2023-06-20T08:54:47.409903+00:00] main.INFO: Broken reference: the 'wishlist_sidebar' element cannot be added as child to 'sidebar.additional', because the latter doesn't exist [] []
[2023-06-20T08:54:47.410215+00:00] main.INFO: Broken reference: the 'paypal.partner.right.logo' element cannot be added as child to 'sidebar.additional', because the latter doesn't exist [] []
[2023-06-20T08:54:47.410498+00:00] main.INFO: Broken reference: the 'bml.right.logo' element cannot be added as child to 'sidebar.additional', because the latter doesn't exist [] []
[2023-06-20T08:54:47.410777+00:00] main.INFO: Broken reference: the 'sidebar.container.paylater' element cannot be added as child to 'sidebar.additional', because the latter doesn't exist [] []
[2023-06-20T08:54:54.442160+00:00] main.INFO: Broken reference: the 'tracking' element cannot be added as child to 'header', because the latter doesn't exist [] []
[2023-06-20T08:54:54.442581+00:00] main.INFO: Broken reference: the 'notification_area' element cannot be added as child to 'notifications', because the latter doesn't exist [] []
[2023-06-20T08:54:54.442866+00:00] main.INFO: Broken reference: the 'unread_system_messages' element cannot be added as child to 'notifications', because the latter doesn't exist [] []
[2023-06-20T08:54:54.443143+00:00] main.INFO: Broken reference: the 'notification_window' element cannot be added as child to 'notifications', because the latter doesn't exist [] []
[2023-06-20T08:54:54.443437+00:00] main.INFO: Broken reference: the 'notification.messages' element cannot be added as child to 'header', because the latter doesn't exist [] []
[2023-06-20T08:54:54.443715+00:00] main.INFO: Broken reference: the 'global_notices' element cannot be added as child to 'global.notices', because the latter doesn't exist [] []
[2023-06-20T08:54:54.443991+00:00] main.INFO: Broken reference: the 'logo' element cannot be added as child to 'header', because the latter doesn't exist [] []
[2023-06-20T08:54:54.444263+00:00] main.INFO: Broken reference: the 'global.search' element cannot be added as child to 'header', because the latter doesn't exist [] []
[2023-06-20T08:54:54.444540+00:00] main.INFO: Broken reference: the 'user' element cannot be added as child to 'header', because the latter doesn't exist [] []
[2023-06-20T08:54:54.444818+00:00] main.INFO: Broken reference: the 'menu' element cannot be added as child to 'page.menu', because the latter doesn't exist [] []
[2023-06-20T08:54:54.445098+00:00] main.INFO: Broken reference: the 'breadcrumbs' element cannot be added as child to 'page.breadcrumbs', because the latter doesn't exist [] []
[2023-06-20T08:54:54.445392+00:00] main.INFO: Broken reference: the 'formkey' element cannot be added as child to 'page.formkey', because the latter doesn't exist [] []
[2023-06-20T08:54:54.445672+00:00] main.INFO: Broken reference: the 'page.title' element cannot be added as child to 'main.top', because the latter doesn't exist [] []
[2023-06-20T08:54:54.445950+00:00] main.INFO: Broken reference: the 'messages' element cannot be added as child to 'page.messages', because the latter doesn't exist [] []
[2023-06-20T08:54:54.446228+00:00] main.INFO: Broken reference: the 'page.actions.toolbar' element cannot be added as child to 'page.main.actions', because the latter doesn't exist [] []
[2023-06-20T08:54:54.446507+00:00] main.INFO: Broken reference: the 'legal' element cannot be added as child to 'footer', because the latter doesn't exist [] []
[2023-06-20T08:54:54.446827+00:00] main.INFO: Broken reference: the 'header.inner.left' element cannot be added as child to 'header', because the latter doesn't exist [] []
[2023-06-20T08:54:54.447110+00:00] main.INFO: Broken reference: the 'header.inner.right' element cannot be added as child to 'header', because the latter doesn't exist [] []
[2023-06-20T08:54:54.447443+00:00] main.INFO: Broken reference: the 'user' tries to reorder itself towards '', but their parents are different: 'header' and '' respectively. [] []
[2023-06-20T08:54:54.447725+00:00] main.INFO: Broken reference: the 'notification.messages' tries to reorder itself towards 'user', but their parents are different: 'header' and '' respectively. [] []
[2023-06-20T08:54:54.448016+00:00] main.INFO: Broken reference: the 'logo' tries to reorder itself towards '', but their parents are different: 'header' and '' respectively. [] []
[2023-06-20T08:54:54.448293+00:00] main.INFO: Broken reference: the 'global.search' tries to reorder itself towards 'logo', but their parents are different: 'header' and '' respectively. [] []
[2023-06-20T08:54:54.448575+00:00] main.INFO: Broken reference: the 'page.actions.toolbar' tries to reorder itself towards '', but their parents are different: 'page.main.actions' and '' respectively. [] []
[2023-06-20T08:54:54.448899+00:00] main.INFO: Broken reference: the 'header.inner.left' tries to reorder itself towards '', but their parents are different: 'header' and '' respectively. [] []
[2023-06-20T08:54:54.449186+00:00] main.INFO: Broken reference: the 'header.inner.right' tries to reorder itself towards 'header.inner.left', but their parents are different: 'header' and '' respectively. [] []
[2023-06-20T08:54:54.449475+00:00] main.INFO: Broken reference: the 'notification.messages' tries to reorder itself towards 'user', but their parents are different: 'header.inner.right' and '' respectively. [] []
[2023-06-20T08:55:02.072032+00:00] main.INFO: Item Magento_Backend::system_currency was removed [] []
[2023-06-20T08:55:02.076862+00:00] main.INFO: Add of item with id Magento_Config::system_config was processed [] []
[2023-06-20T08:55:02.077236+00:00] main.INFO: Add of item with id Magento_AdminNotification::system_adminnotification was processed [] []
[2023-06-20T08:55:02.077518+00:00] main.INFO: Add of item with id Magento_Theme::design_config was processed [] []
[2023-06-20T08:55:02.077784+00:00] main.INFO: Add of item with id Magento_Theme::system_design_theme was processed [] []
[2023-06-20T08:55:02.078052+00:00] main.INFO: Add of item with id Magento_Backend::system_design_schedule was processed [] []
[2023-06-20T08:55:02.078317+00:00] main.INFO: Add of item with id Magento_Backend::system_store was processed [] []
[2023-06-20T08:55:02.078577+00:00] main.INFO: Add of item with id Magento_Backend::dashboard was processed [] []
[2023-06-20T08:55:02.078837+00:00] main.INFO: Add of item with id Magento_Backend::system was processed [] []
[2023-06-20T08:55:02.079117+00:00] main.INFO: Add of item with id Magento_Backend::system_tools was processed [] []
[2023-06-20T08:55:02.079438+00:00] main.INFO: Add of item with id Magento_Backend::system_design was processed [] []
[2023-06-20T08:55:02.079728+00:00] main.INFO: Add of item with id Magento_Backend::system_convert was processed [] []
[2023-06-20T08:55:02.079998+00:00] main.INFO: Add of item with id Magento_Backend::system_cache was processed [] []
[2023-06-20T08:55:02.080263+00:00] main.INFO: Add of item with id Magento_Backend::marketing was processed [] []
[2023-06-20T08:55:02.080532+00:00] main.INFO: Add of item with id Magento_Backend::marketing_communications was processed [] []
[2023-06-20T08:55:02.080802+00:00] main.INFO: Add of item with id Magento_Backend::marketing_seo was processed [] []
[2023-06-20T08:55:02.081067+00:00] main.INFO: Add of item with id Magento_Backend::marketing_user_content was processed [] []
[2023-06-20T08:55:02.081345+00:00] main.INFO: Add of item with id Magento_Backend::content was processed [] []
[2023-06-20T08:55:02.081617+00:00] main.INFO: Add of item with id Magento_Backend::content_elements was processed [] []
[2023-06-20T08:55:02.081891+00:00] main.INFO: Add of item with id Magento_Backend::stores was processed [] []
[2023-06-20T08:55:02.082172+00:00] main.INFO: Add of item with id Magento_Backend::stores_settings was processed [] []
[2023-06-20T08:55:02.082458+00:00] main.INFO: Add of item with id Magento_Backend::stores_attributes was processed [] []
[2023-06-20T08:55:02.082729+00:00] main.INFO: Add of item with id Magento_Backend::other_settings was processed [] []
[2023-06-20T08:55:02.082999+00:00] main.INFO: Add of item with id Magento_Backend::system_other_settings was processed [] []
[2023-06-20T08:55:02.083280+00:00] main.INFO: Add of item with id Magento_User::system_acl was processed [] []
[2023-06-20T08:55:02.083573+00:00] main.INFO: Add of item with id Magento_User::system_acl_users was processed [] []
[2023-06-20T08:55:02.083842+00:00] main.INFO: Add of item with id Magento_User::system_acl_roles was processed [] []
[2023-06-20T08:55:02.084110+00:00] main.INFO: Add of item with id Magento_User::system_acl_locks was processed [] []
[2023-06-20T08:55:02.084375+00:00] main.INFO: Add of item with id Magento_Customer::customer was processed [] []
[2023-06-20T08:55:02.084649+00:00] main.INFO: Add of item with id Magento_Customer::customer_manage was processed [] []
[2023-06-20T08:55:02.084927+00:00] main.INFO: Add of item with id Magento_Customer::customer_online was processed [] []
[2023-06-20T08:55:02.085200+00:00] main.INFO: Add of item with id Magento_Customer::customer_group was processed [] []
[2023-06-20T08:55:02.085472+00:00] main.INFO: Add of item with id Magento_Backup::system_tools_backup was processed [] []
[2023-06-20T08:55:02.085747+00:00] main.INFO: Add of item with id Magento_Indexer::system_index was processed [] []
[2023-06-20T08:55:02.086023+00:00] main.INFO: Add of item with id Magento_Variable::system_variable was processed [] []
[2023-06-20T08:55:02.086304+00:00] main.INFO: Add of item with id Magento_Cms::cms_page was processed [] []
[2023-06-20T08:55:02.086581+00:00] main.INFO: Add of item with id Magento_Cms::cms_block was processed [] []
[2023-06-20T08:55:02.086868+00:00] main.INFO: Add of item with id Magento_Search::search_terms was processed [] []
[2023-06-20T08:55:02.087150+00:00] main.INFO: Add of item with id Magento_Search::search_synonyms was processed [] []
[2023-06-20T08:55:02.087554+00:00] main.INFO: Add of item with id Magento_Catalog::catalog was processed [] []
[2023-06-20T08:55:02.087870+00:00] main.INFO: Add of item with id Magento_Catalog::catalog_products was processed [] []
[2023-06-20T08:55:02.088158+00:00] main.INFO: Add of item with id Magento_Catalog::catalog_categories was processed [] []
[2023-06-20T08:55:02.088446+00:00] main.INFO: Add of item with id Magento_Catalog::catalog_attributes_attributes was processed [] []
[2023-06-20T08:55:02.088729+00:00] main.INFO: Add of item with id Magento_Catalog::catalog_attributes_sets was processed [] []
[2023-06-20T08:55:02.089016+00:00] main.INFO: Add of item with id Magento_Catalog::inventory was processed [] []
[2023-06-20T08:55:02.089298+00:00] main.INFO: Add of item with id Magento_CatalogRule::promo was processed [] []
[2023-06-20T08:55:02.089584+00:00] main.INFO: Add of item with id Magento_CatalogRule::promo_catalog was processed [] []
[2023-06-20T08:55:02.089866+00:00] main.INFO: Add of item with id Magento_MediaGalleryUi::media was processed [] []
[2023-06-20T08:55:02.090152+00:00] main.INFO: Add of item with id Magento_MediaGalleryUi::media_gallery was processed [] []
[2023-06-20T08:55:02.090432+00:00] main.INFO: Add of item with id Magento_Integration::system_extensions was processed [] []
[2023-06-20T08:55:02.090720+00:00] main.INFO: Add of item with id Magento_Integration::system_integrations was processed [] []
[2023-06-20T08:55:02.091000+00:00] main.INFO: Add of item with id Magento_Sales::sales was processed [] []
[2023-06-20T08:55:02.091314+00:00] main.INFO: Add of item with id Magento_Sales::sales_operation was processed [] []
[2023-06-20T08:55:02.091628+00:00] main.INFO: Add of item with id Magento_Sales::sales_order was processed [] []
[2023-06-20T08:55:02.091917+00:00] main.INFO: Add of item with id Magento_Sales::sales_invoice was processed [] []
[2023-06-20T08:55:02.092201+00:00] main.INFO: Add of item with id Magento_Sales::sales_shipment was processed [] []
[2023-06-20T08:55:02.092489+00:00] main.INFO: Add of item with id Magento_Sales::sales_creditmemo was processed [] []
[2023-06-20T08:55:02.092775+00:00] main.INFO: Add of item with id Magento_Sales::sales_transactions was processed [] []
[2023-06-20T08:55:02.093061+00:00] main.INFO: Add of item with id Magento_Sales::system_order_statuses was processed [] []
[2023-06-20T08:55:02.093346+00:00] main.INFO: Add of item with id Magento_Widget::cms_widget_instance was processed [] []
[2023-06-20T08:55:02.093640+00:00] main.INFO: Add of item with id Magento_Analytics::business_intelligence was processed [] []
[2023-06-20T08:55:02.093941+00:00] main.INFO: Add of item with id Magento_Analytics::advanced_reporting was processed [] []
[2023-06-20T08:55:02.094231+00:00] main.INFO: Add of item with id Magento_Analytics::bi_essentials was processed [] []
[2023-06-20T08:55:02.094524+00:00] main.INFO: Add of item with id Magento_Downloadable::report_products_downloads was processed [] []
[2023-06-20T08:55:02.094821+00:00] main.INFO: Add of item with id Magento_ImportExport::system_convert_import was processed [] []
[2023-06-20T08:55:02.095108+00:00] main.INFO: Add of item with id Magento_ImportExport::system_convert_export was processed [] []
[2023-06-20T08:55:02.095398+00:00] main.INFO: Add of item with id Magento_ImportExport::system_convert_history was processed [] []
[2023-06-20T08:55:02.095692+00:00] main.INFO: Add of item with id Magento_Email::template was processed [] []
[2023-06-20T08:55:02.095984+00:00] main.INFO: Add of item with id Magento_EncryptionKey::system_crypt_key was processed [] []
[2023-06-20T08:55:02.096269+00:00] main.INFO: Add of item with id Magento_InventoryAdminUi::inventory was processed [] []
[2023-06-20T08:55:02.096565+00:00] main.INFO: Add of item with id Magento_InventoryAdminUi::source was processed [] []
[2023-06-20T08:55:02.096853+00:00] main.INFO: Add of item with id Magento_InventoryAdminUi::stock was processed [] []
[2023-06-20T08:55:02.097137+00:00] main.INFO: Add of item with id Magento_Reports::report was processed [] []
[2023-06-20T08:55:02.097423+00:00] main.INFO: Add of item with id Magento_Reports::report_marketing was processed [] []
[2023-06-20T08:55:02.097707+00:00] main.INFO: Add of item with id Magento_Reports::report_salesroot was processed [] []
[2023-06-20T08:55:02.098024+00:00] main.INFO: Add of item with id Magento_Reports::report_salesroot_sales was processed [] []
[2023-06-20T08:55:02.098315+00:00] main.INFO: Add of item with id Magento_Reports::report_salesroot_tax was processed [] []
[2023-06-20T08:55:02.098599+00:00] main.INFO: Add of item with id Magento_Reports::report_salesroot_invoiced was processed [] []
[2023-06-20T08:55:02.098903+00:00] main.INFO: Add of item with id Magento_Reports::report_salesroot_shipping was processed [] []
[2023-06-20T08:55:02.099215+00:00] main.INFO: Add of item with id Magento_Reports::report_salesroot_refunded was processed [] []
[2023-06-20T08:55:02.099530+00:00] main.INFO: Add of item with id Magento_Reports::report_salesroot_coupons was processed [] []
[2023-06-20T08:55:02.099859+00:00] main.INFO: Add of item with id Magento_Reports::report_shopcart_product was processed [] []
[2023-06-20T08:55:02.100188+00:00] main.INFO: Add of item with id Magento_Reports::report_shopcart_abandoned was processed [] []
[2023-06-20T08:55:02.100503+00:00] main.INFO: Add of item with id Magento_Reports::report_products was processed [] []
[2023-06-20T08:55:02.100798+00:00] main.INFO: Add of item with id Magento_Reports::report_products_bestsellers was processed [] []
[2023-06-20T08:55:02.101100+00:00] main.INFO: Add of item with id Magento_Reports::report_products_sold was processed [] []
[2023-06-20T08:55:02.101392+00:00] main.INFO: Add of item with id Magento_Reports::report_products_viewed was processed [] []
[2023-06-20T08:55:02.101684+00:00] main.INFO: Add of item with id Magento_Reports::report_products_lowstock was processed [] []
[2023-06-20T08:55:02.102003+00:00] main.INFO: Add of item with id Magento_Reports::report_customers was processed [] []
[2023-06-20T08:55:02.102347+00:00] main.INFO: Add of item with id Magento_Reports::report_customers_accounts was processed [] []
[2023-06-20T08:55:02.102647+00:00] main.INFO: Add of item with id Magento_Reports::report_customers_totals was processed [] []
[2023-06-20T08:55:02.102977+00:00] main.INFO: Add of item with id Magento_Reports::report_customers_orders was processed [] []
[2023-06-20T08:55:02.103296+00:00] main.INFO: Add of item with id Magento_Reports::report_statistics was processed [] []
[2023-06-20T08:55:02.103608+00:00] main.INFO: Add of item with id Magento_Reports::report_statistics_refresh was processed [] []
[2023-06-20T08:55:02.103910+00:00] main.INFO: Add of item with id Magento_Search::report_search_term was processed [] []
[2023-06-20T08:55:02.104202+00:00] main.INFO: Add of item with id Magento_LoginAsCustomerLog::login_log was processed [] []
[2023-06-20T08:55:02.104492+00:00] main.INFO: Add of item with id Magento_Marketplace::partners was processed [] []
[2023-06-20T08:55:02.104782+00:00] main.INFO: Add of item with id Magento_Newsletter::newsletter_template was processed [] []
[2023-06-20T08:55:02.105072+00:00] main.INFO: Add of item with id Magento_Newsletter::newsletter_queue was processed [] []
[2023-06-20T08:55:02.105364+00:00] main.INFO: Add of item with id Magento_Newsletter::newsletter_subscriber was processed [] []
[2023-06-20T08:55:02.105655+00:00] main.INFO: Add of item with id Magento_Newsletter::newsletter_problem was processed [] []
[2023-06-20T08:55:02.105945+00:00] main.INFO: Add of item with id Magento_SalesRule::promo_quote was processed [] []
[2023-06-20T08:55:02.106236+00:00] main.INFO: Add of item with id Magento_Sitemap::catalog_sitemap was processed [] []
[2023-06-20T08:55:02.106528+00:00] main.INFO: Add of item with id Magento_PageBuilder::templates was processed [] []
[2023-06-20T08:55:02.106819+00:00] main.INFO: Add of item with id Magento_Paypal::report_salesroot_paypal_settlement_reports was processed [] []
[2023-06-20T08:55:02.107111+00:00] main.INFO: Add of item with id Magento_Paypal::paypal_billing_agreement was processed [] []
[2023-06-20T08:55:02.107506+00:00] main.INFO: Add of item with id Magento_CheckoutAgreements::sales_checkoutagreement was processed [] []
[2023-06-20T08:55:02.107803+00:00] main.INFO: Add of item with id Magento_Review::catalog_reviews_ratings_ratings was processed [] []
[2023-06-20T08:55:02.108108+00:00] main.INFO: Add of item with id Magento_Review::catalog_reviews_ratings_pending was processed [] []
[2023-06-20T08:55:02.108403+00:00] main.INFO: Add of item with id Magento_Review::catalog_reviews_ratings_reviews_all was processed [] []
[2023-06-20T08:55:02.108696+00:00] main.INFO: Add of item with id Magento_Review::report_review was processed [] []
[2023-06-20T08:55:02.108998+00:00] main.INFO: Add of item with id Magento_Review::report_review_customer was processed [] []
[2023-06-20T08:55:02.109294+00:00] main.INFO: Add of item with id Magento_Review::report_review_product was processed [] []
[2023-06-20T08:55:02.109585+00:00] main.INFO: Add of item with id Magento_UrlRewrite::urlrewrite was processed [] []
[2023-06-20T08:55:02.109885+00:00] main.INFO: Add of item with id Magento_Tax::sales_tax was processed [] []
[2023-06-20T08:55:02.110188+00:00] main.INFO: Add of item with id Magento_Tax::sales_tax_rules was processed [] []
[2023-06-20T08:55:02.110484+00:00] main.INFO: Add of item with id Magento_Tax::sales_tax_rates was processed [] []
[2023-06-20T08:55:02.110790+00:00] main.INFO: Add of item with id Magento_TaxImportExport::system_convert_tax was processed [] []
[2023-06-20T08:55:02.111089+00:00] main.INFO: Add of item with id Magento_AsynchronousOperations::system_magento_logging was processed [] []
[2023-06-20T08:55:02.111415+00:00] main.INFO: Add of item with id Magento_AsynchronousOperations::system_magento_logging_bulk_operations was processed [] []
[2023-06-20T08:55:02.111722+00:00] main.INFO: Add of item with id Magento_CurrencySymbol::system_currency was processed [] []
[2023-06-20T08:55:02.112036+00:00] main.INFO: Add of item with id Magento_CurrencySymbol::system_currency_rates was processed [] []
[2023-06-20T08:55:02.112338+00:00] main.INFO: Add of item with id Magento_CurrencySymbol::system_currency_symbols was processed [] []
[2023-06-20T08:55:02.112638+00:00] main.INFO: Add of item with id PayPal_Braintree::settlement_report was processed [] []
[2023-06-20T08:55:02.112944+00:00] main.INFO: Add of item with id PayPal_Braintree::virtual_terminal was processed [] []
[2023-06-20T08:55:04.427544+00:00] main.INFO: Broken reference: the 'tracking' element cannot be added as child to 'header', because the latter doesn't exist [] []
[2023-06-20T08:55:04.427951+00:00] main.INFO: Broken reference: the 'notification_area' element cannot be added as child to 'notifications', because the latter doesn't exist [] []
[2023-06-20T08:55:04.428236+00:00] main.INFO: Broken reference: the 'unread_system_messages' element cannot be added as child to 'notifications', because the latter doesn't exist [] []
[2023-06-20T08:55:04.428514+00:00] main.INFO: Broken reference: the 'notification_window' element cannot be added as child to 'notifications', because the latter doesn't exist [] []
[2023-06-20T08:55:04.428787+00:00] main.INFO: Broken reference: the 'notification.messages' element cannot be added as child to 'header', because the latter doesn't exist [] []
[2023-06-20T08:55:04.429064+00:00] main.INFO: Broken reference: the 'global_notices' element cannot be added as child to 'global.notices', because the latter doesn't exist [] []
[2023-06-20T08:55:04.429338+00:00] main.INFO: Broken reference: the 'logo' element cannot be added as child to 'header', because the latter doesn't exist [] []
[2023-06-20T08:55:04.429614+00:00] main.INFO: Broken reference: the 'global.search' element cannot be added as child to 'header', because the latter doesn't exist [] []
[2023-06-20T08:55:04.429886+00:00] main.INFO: Broken reference: the 'user' element cannot be added as child to 'header', because the latter doesn't exist [] []
[2023-06-20T08:55:04.430159+00:00] main.INFO: Broken reference: the 'menu' element cannot be added as child to 'page.menu', because the latter doesn't exist [] []
[2023-06-20T08:55:04.430432+00:00] main.INFO: Broken reference: the 'breadcrumbs' element cannot be added as child to 'page.breadcrumbs', because the latter doesn't exist [] []
[2023-06-20T08:55:04.430709+00:00] main.INFO: Broken reference: the 'formkey' element cannot be added as child to 'page.formkey', because the latter doesn't exist [] []
[2023-06-20T08:55:04.430983+00:00] main.INFO: Broken reference: the 'page.title' element cannot be added as child to 'main.top', because the latter doesn't exist [] []
[2023-06-20T08:55:04.431285+00:00] main.INFO: Broken reference: the 'messages' element cannot be added as child to 'page.messages', because the latter doesn't exist [] []
[2023-06-20T08:55:04.431582+00:00] main.INFO: Broken reference: the 'page.actions.toolbar' element cannot be added as child to 'page.main.actions', because the latter doesn't exist [] []
[2023-06-20T08:55:04.431856+00:00] main.INFO: Broken reference: the 'legal' element cannot be added as child to 'footer', because the latter doesn't exist [] []
[2023-06-20T08:55:04.432168+00:00] main.INFO: Broken reference: the 'header.inner.left' element cannot be added as child to 'header', because the latter doesn't exist [] []
[2023-06-20T08:55:04.432454+00:00] main.INFO: Broken reference: the 'header.inner.right' element cannot be added as child to 'header', because the latter doesn't exist [] []
[2023-06-20T08:55:04.432799+00:00] main.INFO: Broken reference: the 'user' tries to reorder itself towards '', but their parents are different: 'header' and '' respectively. [] []
[2023-06-20T08:55:04.433137+00:00] main.INFO: Broken reference: the 'notification.messages' tries to reorder itself towards 'user', but their parents are different: 'header' and '' respectively. [] []
[2023-06-20T08:55:04.433524+00:00] main.INFO: Broken reference: the 'logo' tries to reorder itself towards '', but their parents are different: 'header' and '' respectively. [] []
[2023-06-20T08:55:04.433842+00:00] main.INFO: Broken reference: the 'global.search' tries to reorder itself towards 'logo', but their parents are different: 'header' and '' respectively. [] []
[2023-06-20T08:55:04.434127+00:00] main.INFO: Broken reference: the 'page.actions.toolbar' tries to reorder itself towards '', but their parents are different: 'page.main.actions' and '' respectively. [] []
[2023-06-20T08:55:04.434423+00:00] main.INFO: Broken reference: the 'header.inner.left' tries to reorder itself towards '', but their parents are different: 'header' and '' respectively. [] []
[2023-06-20T08:55:04.434707+00:00] main.INFO: Broken reference: the 'header.inner.right' tries to reorder itself towards 'header.inner.left', but their parents are different: 'header' and '' respectively. [] []
[2023-06-20T08:55:04.434987+00:00] main.INFO: Broken reference: the 'notification.messages' tries to reorder itself towards 'user', but their parents are different: 'header.inner.right' and '' respectively. [] []
[2023-06-20T08:57:11.563229+00:00] main.INFO: Broken reference: the 'tracking' element cannot be added as child to 'header', because the latter doesn't exist [] []
[2023-06-20T08:57:11.563685+00:00] main.INFO: Broken reference: the 'notification_area' element cannot be added as child to 'notifications', because the latter doesn't exist [] []
[2023-06-20T08:57:11.563976+00:00] main.INFO: Broken reference: the 'unread_system_messages' element cannot be added as child to 'notifications', because the latter doesn't exist [] []
[2023-06-20T08:57:11.564266+00:00] main.INFO: Broken reference: the 'notification_window' element cannot be added as child to 'notifications', because the latter doesn't exist [] []
[2023-06-20T08:57:11.564551+00:00] main.INFO: Broken reference: the 'notification.messages' element cannot be added as child to 'header', because the latter doesn't exist [] []
[2023-06-20T08:57:11.564841+00:00] main.INFO: Broken reference: the 'global_notices' element cannot be added as child to 'global.notices', because the latter doesn't exist [] []
[2023-06-20T08:57:11.565117+00:00] main.INFO: Broken reference: the 'logo' element cannot be added as child to 'header', because the latter doesn't exist [] []
[2023-06-20T08:57:11.565394+00:00] main.INFO: Broken reference: the 'global.search' element cannot be added as child to 'header', because the latter doesn't exist [] []
[2023-06-20T08:57:11.565688+00:00] main.INFO: Broken reference: the 'user' element cannot be added as child to 'header', because the latter doesn't exist [] []
[2023-06-20T08:57:11.565969+00:00] main.INFO: Broken reference: the 'menu' element cannot be added as child to 'page.menu', because the latter doesn't exist [] []
[2023-06-20T08:57:11.566250+00:00] main.INFO: Broken reference: the 'breadcrumbs' element cannot be added as child to 'page.breadcrumbs', because the latter doesn't exist [] []
[2023-06-20T08:57:11.566529+00:00] main.INFO: Broken reference: the 'formkey' element cannot be added as child to 'page.formkey', because the latter doesn't exist [] []
[2023-06-20T08:57:11.566807+00:00] main.INFO: Broken reference: the 'page.title' element cannot be added as child to 'main.top', because the latter doesn't exist [] []
[2023-06-20T08:57:11.567091+00:00] main.INFO: Broken reference: the 'messages' element cannot be added as child to 'page.messages', because the latter doesn't exist [] []
[2023-06-20T08:57:11.567389+00:00] main.INFO: Broken reference: the 'page.actions.toolbar' element cannot be added as child to 'page.main.actions', because the latter doesn't exist [] []
[2023-06-20T08:57:11.567668+00:00] main.INFO: Broken reference: the 'legal' element cannot be added as child to 'footer', because the latter doesn't exist [] []
[2023-06-20T08:57:11.567988+00:00] main.INFO: Broken reference: the 'header.inner.left' element cannot be added as child to 'header', because the latter doesn't exist [] []
[2023-06-20T08:57:11.568270+00:00] main.INFO: Broken reference: the 'header.inner.right' element cannot be added as child to 'header', because the latter doesn't exist [] []
[2023-06-20T08:57:11.568581+00:00] main.INFO: Broken reference: the 'user' tries to reorder itself towards '', but their parents are different: 'header' and '' respectively. [] []
[2023-06-20T08:57:11.568861+00:00] main.INFO: Broken reference: the 'notification.messages' tries to reorder itself towards 'user', but their parents are different: 'header' and '' respectively. [] []
[2023-06-20T08:57:11.569136+00:00] main.INFO: Broken reference: the 'logo' tries to reorder itself towards '', but their parents are different: 'header' and '' respectively. [] []
[2023-06-20T08:57:11.569410+00:00] main.INFO: Broken reference: the 'global.search' tries to reorder itself towards 'logo', but their parents are different: 'header' and '' respectively. [] []
[2023-06-20T08:57:11.569683+00:00] main.INFO: Broken reference: the 'page.actions.toolbar' tries to reorder itself towards '', but their parents are different: 'page.main.actions' and '' respectively. [] []
[2023-06-20T08:57:11.569977+00:00] main.INFO: Broken reference: the 'header.inner.left' tries to reorder itself towards '', but their parents are different: 'header' and '' respectively. [] []
[2023-06-20T08:57:11.570260+00:00] main.INFO: Broken reference: the 'header.inner.right' tries to reorder itself towards 'header.inner.left', but their parents are different: 'header' and '' respectively. [] []
[2023-06-20T08:57:11.570563+00:00] main.INFO: Broken reference: the 'notification.messages' tries to reorder itself towards 'user', but their parents are different: 'header.inner.right' and '' respectively. [] []
[2023-06-20T08:57:16.480092+00:00] main.INFO: Item Magento_Backend::system_currency was removed [] []
[2023-06-20T08:57:16.482562+00:00] main.INFO: Add of item with id Magento_Config::system_config was processed [] []
[2023-06-20T08:57:16.482954+00:00] main.INFO: Add of item with id Magento_AdminNotification::system_adminnotification was processed [] []
[2023-06-20T08:57:16.483276+00:00] main.INFO: Add of item with id Magento_Theme::design_config was processed [] []
[2023-06-20T08:57:16.483555+00:00] main.INFO: Add of item with id Magento_Theme::system_design_theme was processed [] []
[2023-06-20T08:57:16.483836+00:00] main.INFO: Add of item with id Magento_Backend::system_design_schedule was processed [] []
[2023-06-20T08:57:16.484097+00:00] main.INFO: Add of item with id Magento_Backend::system_store was processed [] []
[2023-06-20T08:57:16.484356+00:00] main.INFO: Add of item with id Magento_Backend::dashboard was processed [] []
[2023-06-20T08:57:16.484615+00:00] main.INFO: Add of item with id Magento_Backend::system was processed [] []
[2023-06-20T08:57:16.484883+00:00] main.INFO: Add of item with id Magento_Backend::system_tools was processed [] []
[2023-06-20T08:57:16.485156+00:00] main.INFO: Add of item with id Magento_Backend::system_design was processed [] []
[2023-06-20T08:57:16.485425+00:00] main.INFO: Add of item with id Magento_Backend::system_convert was processed [] []
[2023-06-20T08:57:16.485699+00:00] main.INFO: Add of item with id Magento_Backend::system_cache was processed [] []
[2023-06-20T08:57:16.485961+00:00] main.INFO: Add of item with id Magento_Backend::marketing was processed [] []
[2023-06-20T08:57:16.486229+00:00] main.INFO: Add of item with id Magento_Backend::marketing_communications was processed [] []
[2023-06-20T08:57:16.486491+00:00] main.INFO: Add of item with id Magento_Backend::marketing_seo was processed [] []
[2023-06-20T08:57:16.486751+00:00] main.INFO: Add of item with id Magento_Backend::marketing_user_content was processed [] []
[2023-06-20T08:57:16.487009+00:00] main.INFO: Add of item with id Magento_Backend::content was processed [] []
[2023-06-20T08:57:16.487411+00:00] main.INFO: Add of item with id Magento_Backend::content_elements was processed [] []
[2023-06-20T08:57:16.487686+00:00] main.INFO: Add of item with id Magento_Backend::stores was processed [] []
[2023-06-20T08:57:16.487958+00:00] main.INFO: Add of item with id Magento_Backend::stores_settings was processed [] []
[2023-06-20T08:57:16.488224+00:00] main.INFO: Add of item with id Magento_Backend::stores_attributes was processed [] []
[2023-06-20T08:57:16.488484+00:00] main.INFO: Add of item with id Magento_Backend::other_settings was processed [] []
[2023-06-20T08:57:16.488742+00:00] main.INFO: Add of item with id Magento_Backend::system_other_settings was processed [] []
[2023-06-20T08:57:16.489000+00:00] main.INFO: Add of item with id Magento_User::system_acl was processed [] []
[2023-06-20T08:57:16.489266+00:00] main.INFO: Add of item with id Magento_User::system_acl_users was processed [] []
[2023-06-20T08:57:16.489528+00:00] main.INFO: Add of item with id Magento_User::system_acl_roles was processed [] []
[2023-06-20T08:57:16.489786+00:00] main.INFO: Add of item with id Magento_User::system_acl_locks was processed [] []
[2023-06-20T08:57:16.490044+00:00] main.INFO: Add of item with id Magento_Customer::customer was processed [] []
[2023-06-20T08:57:16.490311+00:00] main.INFO: Add of item with id Magento_Customer::customer_manage was processed [] []
[2023-06-20T08:57:16.490572+00:00] main.INFO: Add of item with id Magento_Customer::customer_online was processed [] []
[2023-06-20T08:57:16.490829+00:00] main.INFO: Add of item with id Magento_Customer::customer_group was processed [] []
[2023-06-20T08:57:16.491088+00:00] main.INFO: Add of item with id Magento_Backup::system_tools_backup was processed [] []
[2023-06-20T08:57:16.491366+00:00] main.INFO: Add of item with id Magento_Indexer::system_index was processed [] []
[2023-06-20T08:57:16.491642+00:00] main.INFO: Add of item with id Magento_Variable::system_variable was processed [] []
[2023-06-20T08:57:16.491909+00:00] main.INFO: Add of item with id Magento_Cms::cms_page was processed [] []
[2023-06-20T08:57:16.492172+00:00] main.INFO: Add of item with id Magento_Cms::cms_block was processed [] []
[2023-06-20T08:57:16.492439+00:00] main.INFO: Add of item with id Magento_Search::search_terms was processed [] []
[2023-06-20T08:57:16.492701+00:00] main.INFO: Add of item with id Magento_Search::search_synonyms was processed [] []
[2023-06-20T08:57:16.492959+00:00] main.INFO: Add of item with id Magento_Catalog::catalog was processed [] []
[2023-06-20T08:57:16.493226+00:00] main.INFO: Add of item with id Magento_Catalog::catalog_products was processed [] []
[2023-06-20T08:57:16.493487+00:00] main.INFO: Add of item with id Magento_Catalog::catalog_categories was processed [] []
[2023-06-20T08:57:16.493758+00:00] main.INFO: Add of item with id Magento_Catalog::catalog_attributes_attributes was processed [] []
[2023-06-20T08:57:16.494025+00:00] main.INFO: Add of item with id Magento_Catalog::catalog_attributes_sets was processed [] []
[2023-06-20T08:57:16.494299+00:00] main.INFO: Add of item with id Magento_Catalog::inventory was processed [] []
[2023-06-20T08:57:16.494565+00:00] main.INFO: Add of item with id Magento_CatalogRule::promo was processed [] []
[2023-06-20T08:57:16.494842+00:00] main.INFO: Add of item with id Magento_CatalogRule::promo_catalog was processed [] []
[2023-06-20T08:57:16.495111+00:00] main.INFO: Add of item with id Magento_MediaGalleryUi::media was processed [] []
[2023-06-20T08:57:16.495432+00:00] main.INFO: Add of item with id Magento_MediaGalleryUi::media_gallery was processed [] []
[2023-06-20T08:57:16.495702+00:00] main.INFO: Add of item with id Magento_Integration::system_extensions was processed [] []
[2023-06-20T08:57:16.495978+00:00] main.INFO: Add of item with id Magento_Integration::system_integrations was processed [] []
[2023-06-20T08:57:16.496261+00:00] main.INFO: Add of item with id Magento_Sales::sales was processed [] []
[2023-06-20T08:57:16.496540+00:00] main.INFO: Add of item with id Magento_Sales::sales_operation was processed [] []
[2023-06-20T08:57:16.496846+00:00] main.INFO: Add of item with id Magento_Sales::sales_order was processed [] []
[2023-06-20T08:57:16.497138+00:00] main.INFO: Add of item with id Magento_Sales::sales_invoice was processed [] []
[2023-06-20T08:57:16.497415+00:00] main.INFO: Add of item with id Magento_Sales::sales_shipment was processed [] []
[2023-06-20T08:57:16.497692+00:00] main.INFO: Add of item with id Magento_Sales::sales_creditmemo was processed [] []
[2023-06-20T08:57:16.498114+00:00] main.INFO: Add of item with id Magento_Sales::sales_transactions was processed [] []
[2023-06-20T08:57:16.498400+00:00] main.INFO: Add of item with id Magento_Sales::system_order_statuses was processed [] []
[2023-06-20T08:57:16.498682+00:00] main.INFO: Add of item with id Magento_Widget::cms_widget_instance was processed [] []
[2023-06-20T08:57:16.498985+00:00] main.INFO: Add of item with id Magento_Analytics::business_intelligence was processed [] []
[2023-06-20T08:57:16.499283+00:00] main.INFO: Add of item with id Magento_Analytics::advanced_reporting was processed [] []
[2023-06-20T08:57:16.499556+00:00] main.INFO: Add of item with id Magento_Analytics::bi_essentials was processed [] []
[2023-06-20T08:57:16.499842+00:00] main.INFO: Add of item with id Magento_Downloadable::report_products_downloads was processed [] []
[2023-06-20T08:57:16.500121+00:00] main.INFO: Add of item with id Magento_ImportExport::system_convert_import was processed [] []
[2023-06-20T08:57:16.500387+00:00] main.INFO: Add of item with id Magento_ImportExport::system_convert_export was processed [] []
[2023-06-20T08:57:16.500650+00:00] main.INFO: Add of item with id Magento_ImportExport::system_convert_history was processed [] []
[2023-06-20T08:57:16.500923+00:00] main.INFO: Add of item with id Magento_Email::template was processed [] []
[2023-06-20T08:57:16.501191+00:00] main.INFO: Add of item with id Magento_EncryptionKey::system_crypt_key was processed [] []
[2023-06-20T08:57:16.501454+00:00] main.INFO: Add of item with id Magento_InventoryAdminUi::inventory was processed [] []
[2023-06-20T08:57:16.501726+00:00] main.INFO: Add of item with id Magento_InventoryAdminUi::source was processed [] []
[2023-06-20T08:57:16.501993+00:00] main.INFO: Add of item with id Magento_InventoryAdminUi::stock was processed [] []
[2023-06-20T08:57:16.502258+00:00] main.INFO: Add of item with id Magento_Reports::report was processed [] []
[2023-06-20T08:57:16.502521+00:00] main.INFO: Add of item with id Magento_Reports::report_marketing was processed [] []
[2023-06-20T08:57:16.502793+00:00] main.INFO: Add of item with id Magento_Reports::report_salesroot was processed [] []
[2023-06-20T08:57:16.503071+00:00] main.INFO: Add of item with id Magento_Reports::report_salesroot_sales was processed [] []
[2023-06-20T08:57:16.503437+00:00] main.INFO: Add of item with id Magento_Reports::report_salesroot_tax was processed [] []
[2023-06-20T08:57:16.503706+00:00] main.INFO: Add of item with id Magento_Reports::report_salesroot_invoiced was processed [] []
[2023-06-20T08:57:16.503977+00:00] main.INFO: Add of item with id Magento_Reports::report_salesroot_shipping was processed [] []
[2023-06-20T08:57:16.504247+00:00] main.INFO: Add of item with id Magento_Reports::report_salesroot_refunded was processed [] []
[2023-06-20T08:57:16.504512+00:00] main.INFO: Add of item with id Magento_Reports::report_salesroot_coupons was processed [] []
[2023-06-20T08:57:16.504787+00:00] main.INFO: Add of item with id Magento_Reports::report_shopcart_product was processed [] []
[2023-06-20T08:57:16.505061+00:00] main.INFO: Add of item with id Magento_Reports::report_shopcart_abandoned was processed [] []
[2023-06-20T08:57:16.505332+00:00] main.INFO: Add of item with id Magento_Reports::report_products was processed [] []
[2023-06-20T08:57:16.505603+00:00] main.INFO: Add of item with id Magento_Reports::report_products_bestsellers was processed [] []
[2023-06-20T08:57:16.505873+00:00] main.INFO: Add of item with id Magento_Reports::report_products_sold was processed [] []
[2023-06-20T08:57:16.506143+00:00] main.INFO: Add of item with id Magento_Reports::report_products_viewed was processed [] []
[2023-06-20T08:57:16.506413+00:00] main.INFO: Add of item with id Magento_Reports::report_products_lowstock was processed [] []
[2023-06-20T08:57:16.506687+00:00] main.INFO: Add of item with id Magento_Reports::report_customers was processed [] []
[2023-06-20T08:57:16.506965+00:00] main.INFO: Add of item with id Magento_Reports::report_customers_accounts was processed [] []
[2023-06-20T08:57:16.507246+00:00] main.INFO: Add of item with id Magento_Reports::report_customers_totals was processed [] []
[2023-06-20T08:57:16.507523+00:00] main.INFO: Add of item with id Magento_Reports::report_customers_orders was processed [] []
[2023-06-20T08:57:16.507794+00:00] main.INFO: Add of item with id Magento_Reports::report_statistics was processed [] []
[2023-06-20T08:57:16.508073+00:00] main.INFO: Add of item with id Magento_Reports::report_statistics_refresh was processed [] []
[2023-06-20T08:57:16.508349+00:00] main.INFO: Add of item with id Magento_Search::report_search_term was processed [] []
[2023-06-20T08:57:16.508619+00:00] main.INFO: Add of item with id Magento_LoginAsCustomerLog::login_log was processed [] []
[2023-06-20T08:57:16.508890+00:00] main.INFO: Add of item with id Magento_Marketplace::partners was processed [] []
[2023-06-20T08:57:16.509162+00:00] main.INFO: Add of item with id Magento_Newsletter::newsletter_template was processed [] []
[2023-06-20T08:57:16.509433+00:00] main.INFO: Add of item with id Magento_Newsletter::newsletter_queue was processed [] []
[2023-06-20T08:57:16.509702+00:00] main.INFO: Add of item with id Magento_Newsletter::newsletter_subscriber was processed [] []
[2023-06-20T08:57:16.509974+00:00] main.INFO: Add of item with id Magento_Newsletter::newsletter_problem was processed [] []
[2023-06-20T08:57:16.510244+00:00] main.INFO: Add of item with id Magento_SalesRule::promo_quote was processed [] []
[2023-06-20T08:57:16.510515+00:00] main.INFO: Add of item with id Magento_Sitemap::catalog_sitemap was processed [] []
[2023-06-20T08:57:16.510786+00:00] main.INFO: Add of item with id Magento_PageBuilder::templates was processed [] []
[2023-06-20T08:57:16.511066+00:00] main.INFO: Add of item with id Magento_Paypal::report_salesroot_paypal_settlement_reports was processed [] []
[2023-06-20T08:57:16.511354+00:00] main.INFO: Add of item with id Magento_Paypal::paypal_billing_agreement was processed [] []
[2023-06-20T08:57:16.511633+00:00] main.INFO: Add of item with id Magento_CheckoutAgreements::sales_checkoutagreement was processed [] []
[2023-06-20T08:57:16.511913+00:00] main.INFO: Add of item with id Magento_Review::catalog_reviews_ratings_ratings was processed [] []
[2023-06-20T08:57:16.512216+00:00] main.INFO: Add of item with id Magento_Review::catalog_reviews_ratings_pending was processed [] []
[2023-06-20T08:57:16.512502+00:00] main.INFO: Add of item with id Magento_Review::catalog_reviews_ratings_reviews_all was processed [] []
[2023-06-20T08:57:16.512789+00:00] main.INFO: Add of item with id Magento_Review::report_review was processed [] []
[2023-06-20T08:57:16.513097+00:00] main.INFO: Add of item with id Magento_Review::report_review_customer was processed [] []
[2023-06-20T08:57:16.513386+00:00] main.INFO: Add of item with id Magento_Review::report_review_product was processed [] []
[2023-06-20T08:57:16.513664+00:00] main.INFO: Add of item with id Magento_UrlRewrite::urlrewrite was processed [] []
[2023-06-20T08:57:16.513942+00:00] main.INFO: Add of item with id Magento_Tax::sales_tax was processed [] []
[2023-06-20T08:57:16.514227+00:00] main.INFO: Add of item with id Magento_Tax::sales_tax_rules was processed [] []
[2023-06-20T08:57:16.514511+00:00] main.INFO: Add of item with id Magento_Tax::sales_tax_rates was processed [] []
[2023-06-20T08:57:16.514790+00:00] main.INFO: Add of item with id Magento_TaxImportExport::system_convert_tax was processed [] []
[2023-06-20T08:57:16.515068+00:00] main.INFO: Add of item with id Magento_AsynchronousOperations::system_magento_logging was processed [] []
[2023-06-20T08:57:16.515377+00:00] main.INFO: Add of item with id Magento_AsynchronousOperations::system_magento_logging_bulk_operations was processed [] []
[2023-06-20T08:57:16.515661+00:00] main.INFO: Add of item with id Magento_CurrencySymbol::system_currency was processed [] []
[2023-06-20T08:57:16.515961+00:00] main.INFO: Add of item with id Magento_CurrencySymbol::system_currency_rates was processed [] []
[2023-06-20T08:57:16.516247+00:00] main.INFO: Add of item with id Magento_CurrencySymbol::system_currency_symbols was processed [] []
[2023-06-20T08:57:16.516530+00:00] main.INFO: Add of item with id PayPal_Braintree::settlement_report was processed [] []
[2023-06-20T08:57:16.516831+00:00] main.INFO: Add of item with id PayPal_Braintree::virtual_terminal was processed [] []
[2023-06-20T08:57:16.782708+00:00] main.INFO: Broken reference: the 'notification.messages' tries to reorder itself towards 'user', but their parents are different: 'header.inner.right' and 'header' respectively. [] []
[2023-06-20T08:57:31.255399+00:00] main.INFO: Broken reference: the 'notification.messages' tries to reorder itself towards 'user', but their parents are different: 'header.inner.right' and 'header' respectively. [] []
[2023-06-20T08:57:35.404518+00:00] main.INFO: Broken reference: the 'notification.messages' tries to reorder itself towards 'user', but their parents are different: 'header.inner.right' and 'header' respectively. [] []
